Started at Tue Mar 01 15:44:11 UTC 2022
Processing c-project
Offering c-project to Project Build Discarder
Processing Java -Project
Offering Java -Project to Project Build Discarder
Processing Test Project
Offering Test Project to Project Build Discarder
Finished at Tue Mar 01 15:44:11 UTC 2022. 1ms
Started at Tue Mar 01 16:44:11 UTC 2022
Processing c-project
Offering c-project to Project Build Discarder
Processing Java -Project
Offering Java -Project to Project Build Discarder
Processing Test Project
Offering Test Project to Project Build Discarder
Finished at Tue Mar 01 16:44:11 UTC 2022. 1ms
Started at Tue Mar 01 17:44:11 UTC 2022
Processing c-project
Offering c-project to Project Build Discarder
Processing Java -Project
Offering Java -Project to Project Build Discarder
Processing Test Project
Offering Test Project to Project Build Discarder
Finished at Tue Mar 01 17:44:11 UTC 2022. 1ms
Started at Tue Mar 01 18:44:11 UTC 2022
Processing c-project
Offering c-project to Project Build Discarder
Processing Java -Project
Offering Java -Project to Project Build Discarder
Processing Test Project
Offering Test Project to Project Build Discarder
Finished at Tue Mar 01 18:44:11 UTC 2022. 1ms
Started at Tue Mar 01 19:44:11 UTC 2022
Processing c-project
Offering c-project to Project Build Discarder
Processing Java -Project
Offering Java -Project to Project Build Discarder
Processing Test Project
Offering Test Project to Project Build Discarder
Finished at Tue Mar 01 19:44:11 UTC 2022. 17ms
Started at Tue Mar 01 20:44:11 UTC 2022
Processing c-project
Offering c-project to Project Build Discarder
Processing Java -Project
Offering Java -Project to Project Build Discarder
Processing Test Project
Offering Test Project to Project Build Discarder
Finished at Tue Mar 01 20:44:11 UTC 2022. 1ms
Started at Tue Mar 01 21:44:11 UTC 2022
Processing c-project
Offering c-project to Project Build Discarder
Processing Java -Project
Offering Java -Project to Project Build Discarder
Processing Test Project
Offering Test Project to Project Build Discarder
Finished at Tue Mar 01 21:44:11 UTC 2022. 3ms
Started at Tue Mar 01 22:44:11 UTC 2022
Processing c-project
Offering c-project to Project Build Discarder
Processing Java -Project
Offering Java -Project to Project Build Discarder
Processing Test Project
Offering Test Project to Project Build Discarder
Finished at Tue Mar 01 22:44:11 UTC 2022. 2ms
Started at Tue Mar 01 23:44:11 UTC 2022
Processing c-project
Offering c-project to Project Build Discarder
Processing Java -Project
Offering Java -Project to Project Build Discarder
Processing Test Project
Offering Test Project to Project Build Discarder
Finished at Tue Mar 01 23:44:11 UTC 2022. 2ms
Started at Wed Mar 02 00:44:11 UTC 2022
Processing c-project
Offering c-project to Project Build Discarder
Processing Java -Project
Offering Java -Project to Project Build Discarder
Processing Test Project
Offering Test Project to Project Build Discarder
Finished at Wed Mar 02 00:44:11 UTC 2022. 1ms
Started at Wed Mar 02 01:44:11 UTC 2022
Processing c-project
Offering c-project to Project Build Discarder
Processing Java -Project
Offering Java -Project to Project Build Discarder
Processing Test Project
Offering Test Project to Project Build Discarder
Finished at Wed Mar 02 01:44:11 UTC 2022. 1ms
